<?xml version="1.0" encoding="UTF-8"?>
<coverage generated="1669799588705" clover="3.2.0">
  <project timestamp="1669799588705" name="All files">
    <metrics statements="11" coveredstatements="8" conditionals="4" coveredconditionals="3" methods="2" coveredmethods="2" elements="17" coveredelements="13" complexity="0" loc="11" ncloc="11" packages="1" files="2" classes="2"/>
    <file name="app.js" path="C:\Users\79517\Dropbox\Мой ПК (LAPTOP-1B2E33EB)\Desktop\Учеба.Тестирование\js\jest\7.3\jest\app.js">
      <metrics statements="9" coveredstatements="8" conditionals="4" coveredconditionals="3" methods="2" coveredmethods="2"/>
      <line num="2" count="1" type="stmt"/>
      <line num="3" count="4" type="stmt"/>
      <line num="4" count="4" type="stmt"/>
      <line num="5" count="4" type="cond" truecount="2" falsecount="0"/>
      <line num="7" count="2" type="stmt"/>
      <line num="8" count="2" type="cond" truecount="1" falsecount="1"/>
      <line num="9" count="0" type="stmt"/>
      <line num="11" count="1" type="stmt"/>
      <line num="14" count="1" type="stmt"/>
    </file>
    <file name="jest.config.js" path="C:\Users\79517\Dropbox\Мой ПК (LAPTOP-1B2E33EB)\Desktop\Учеба.Тестирование\js\jest\7.3\jest\jest.config.js">
      <metrics statements="2" coveredstatements="0" conditionals="0" coveredconditionals="0" methods="0" coveredmethods="0"/>
      <line num="2" count="0" type="stmt"/>
      <line num="17" count="0" type="stmt"/>
    </file>
  </project>
</coverage>
